{"D:\\stock-tracker-api\\src\\api\\user\\userRepository.js": {"path":"D:\\stock-tracker-api\\src\\api\\user\\userRepository.js","statementMap":{"0":{"start":{"line":1,"column":17},"end":{"line":1,"column":40}},"1":{"start":{"line":3,"column":23},"end":{"line":6,"column":1}},"2":{"start":{"line":4,"column":17},"end":{"line":4,"column":46}},"3":{"start":{"line":5,"column":4},"end":{"line":5,"column":15}},"4":{"start":{"line":7,"column":19},"end":{"line":11,"column":1}},"5":{"start":{"line":8,"column":20},"end":{"line":8,"column":55}},"6":{"start":{"line":9,"column":4},"end":{"line":9,"column":24}},"7":{"start":{"line":10,"column":4},"end":{"line":10,"column":18}},"8":{"start":{"line":12,"column":20},"end":{"line":15,"column":1}},"9":{"start":{"line":13,"column":18},"end":{"line":13,"column":35}},"10":{"start":{"line":14,"column":4},"end":{"line":14,"column":16}},"11":{"start":{"line":16,"column":21},"end":{"line":19,"column":1}},"12":{"start":{"line":17,"column":18},"end":{"line":17,"column":45}},"13":{"start":{"line":18,"column":4},"end":{"line":18,"column":16}},"14":{"start":{"line":20,"column":0},"end":{"line":25,"column":1}}},"fnMap":{"0":{"name":"(anonymous_0)","decl":{"start":{"line":3,"column":23},"end":{"line":3,"column":24}},"loc":{"start":{"line":3,"column":40},"end":{"line":6,"column":1}},"line":3},"1":{"name":"(anonymous_1)","decl":{"start":{"line":7,"column":19},"end":{"line":7,"column":20}},"loc":{"start":{"line":7,"column":52},"end":{"line":11,"column":1}},"line":7},"2":{"name":"(anonymous_2)","decl":{"start":{"line":12,"column":20},"end":{"line":12,"column":21}},"loc":{"start":{"line":12,"column":32},"end":{"line":15,"column":1}},"line":12},"3":{"name":"(anonymous_3)","decl":{"start":{"line":16,"column":21},"end":{"line":16,"column":22}},"loc":{"start":{"line":16,"column":33},"end":{"line":19,"column":1}},"line":16}},"branchMap":{},"s":{"0":1,"1":1,"2":0,"3":0,"4":1,"5":0,"6":0,"7":0,"8":1,"9":0,"10":0,"11":1,"12":0,"13":0,"14":1},"f":{"0":0,"1":0,"2":0,"3":0},"b":{},"_coverageSchema":"1a1c01bbd47fc00a2c39e90264f33305004495a9","hash":"4df625c90f1d374191863efd6413348e35af9f34"}
,"D:\\stock-tracker-api\\src\\api\\user\\userSchema.js": {"path":"D:\\stock-tracker-api\\src\\api\\user\\userSchema.js","statementMap":{"0":{"start":{"line":1,"column":17},"end":{"line":1,"column":36}},"1":{"start":{"line":2,"column":12},"end":{"line":2,"column":26}},"2":{"start":{"line":4,"column":19},"end":{"line":22,"column":2}},"3":{"start":{"line":24,"column":21},"end":{"line":32,"column":1}},"4":{"start":{"line":25,"column":19},"end":{"line":30,"column":6}},"5":{"start":{"line":31,"column":4},"end":{"line":31,"column":32}},"6":{"start":{"line":35,"column":13},"end":{"line":35,"column":47}},"7":{"start":{"line":36,"column":0},"end":{"line":39,"column":1}}},"fnMap":{"0":{"name":"(anonymous_0)","decl":{"start":{"line":24,"column":21},"end":{"line":24,"column":22}},"loc":{"start":{"line":24,"column":31},"end":{"line":32,"column":1}},"line":24}},"branchMap":{},"s":{"0":1,"1":1,"2":1,"3":1,"4":0,"5":0,"6":1,"7":1},"f":{"0":0},"b":{},"_coverageSchema":"1a1c01bbd47fc00a2c39e90264f33305004495a9","hash":"25f33757f85647be8afea1123650f590e66247d5"}
,"D:\\stock-tracker-api\\src\\api\\user\\userService.js": {"path":"D:\\stock-tracker-api\\src\\api\\user\\userService.js","statementMap":{"0":{"start":{"line":1,"column":15},"end":{"line":1,"column":32}},"1":{"start":{"line":2,"column":32},"end":{"line":2,"column":60}},"2":{"start":{"line":3,"column":66},"end":{"line":3,"column":93}},"3":{"start":{"line":4,"column":34},"end":{"line":4,"column":62}},"4":{"start":{"line":6,"column":21},"end":{"line":19,"column":1}},"5":{"start":{"line":7,"column":17},"end":{"line":7,"column":44}},"6":{"start":{"line":8,"column":4},"end":{"line":17,"column":5}},"7":{"start":{"line":9,"column":24},"end":{"line":9,"column":69}},"8":{"start":{"line":10,"column":8},"end":{"line":12,"column":9}},"9":{"start":{"line":11,"column":12},"end":{"line":11,"column":69}},"10":{"start":{"line":13,"column":8},"end":{"line":13,"column":33}},"11":{"start":{"line":14,"column":8},"end":{"line":14,"column":29}},"12":{"start":{"line":15,"column":28},"end":{"line":15,"column":59}},"13":{"start":{"line":16,"column":8},"end":{"line":16,"column":26}},"14":{"start":{"line":18,"column":4},"end":{"line":18,"column":15}},"15":{"start":{"line":21,"column":28},"end":{"line":26,"column":1}},"16":{"start":{"line":22,"column":27},"end":{"line":22,"column":58}},"17":{"start":{"line":23,"column":17},"end":{"line":23,"column":62}},"18":{"start":{"line":24,"column":4},"end":{"line":24,"column":70}},"19":{"start":{"line":25,"column":4},"end":{"line":25,"column":15}},"20":{"start":{"line":28,"column":27},"end":{"line":31,"column":1}},"21":{"start":{"line":29,"column":18},"end":{"line":29,"column":37}},"22":{"start":{"line":30,"column":4},"end":{"line":30,"column":16}},"23":{"start":{"line":33,"column":28},"end":{"line":35,"column":1}},"24":{"start":{"line":34,"column":4},"end":{"line":34,"column":31}},"25":{"start":{"line":38,"column":0},"end":{"line":43,"column":1}}},"fnMap":{"0":{"name":"(anonymous_0)","decl":{"start":{"line":6,"column":21},"end":{"line":6,"column":22}},"loc":{"start":{"line":6,"column":48},"end":{"line":19,"column":1}},"line":6},"1":{"name":"(anonymous_1)","decl":{"start":{"line":21,"column":28},"end":{"line":21,"column":29}},"loc":{"start":{"line":21,"column":61},"end":{"line":26,"column":1}},"line":21},"2":{"name":"(anonymous_2)","decl":{"start":{"line":28,"column":27},"end":{"line":28,"column":28}},"loc":{"start":{"line":28,"column":39},"end":{"line":31,"column":1}},"line":28},"3":{"name":"(anonymous_3)","decl":{"start":{"line":33,"column":28},"end":{"line":33,"column":29}},"loc":{"start":{"line":33,"column":40},"end":{"line":35,"column":1}},"line":33}},"branchMap":{"0":{"loc":{"start":{"line":8,"column":4},"end":{"line":17,"column":5}},"type":"if","locations":[{"start":{"line":8,"column":4},"end":{"line":17,"column":5}},{"start":{},"end":{}}],"line":8},"1":{"loc":{"start":{"line":10,"column":8},"end":{"line":12,"column":9}},"type":"if","locations":[{"start":{"line":10,"column":8},"end":{"line":12,"column":9}},{"start":{},"end":{}}],"line":10}},"s":{"0":1,"1":1,"2":1,"3":1,"4":1,"5":2,"6":2,"7":1,"8":1,"9":0,"10":1,"11":1,"12":1,"13":1,"14":1,"15":1,"16":1,"17":1,"18":1,"19":1,"20":1,"21":1,"22":1,"23":1,"24":1,"25":1},"f":{"0":2,"1":1,"2":1,"3":1},"b":{"0":[1,1],"1":[0,1]},"_coverageSchema":"1a1c01bbd47fc00a2c39e90264f33305004495a9","hash":"e5b98b8b1b31ad71ecf8fa686b9efa7d530ea8e8"}
,"D:\\stock-tracker-api\\src\\utils\\email.js": {"path":"D:\\stock-tracker-api\\src\\utils\\email.js","statementMap":{"0":{"start":{"line":1,"column":19},"end":{"line":1,"column":40}},"1":{"start":{"line":2,"column":15},"end":{"line":2,"column":32}},"2":{"start":{"line":3,"column":19},"end":{"line":3,"column":40}},"3":{"start":{"line":4,"column":11},"end":{"line":4,"column":24}},"4":{"start":{"line":6,"column":0},"end":{"line":6,"column":16}},"5":{"start":{"line":8,"column":18},"end":{"line":127,"column":1}},"6":{"start":{"line":9,"column":24},"end":{"line":16,"column":6}},"7":{"start":{"line":17,"column":24},"end":{"line":125,"column":5}},"8":{"start":{"line":126,"column":4},"end":{"line":126,"column":43}},"9":{"start":{"line":129,"column":30},"end":{"line":153,"column":1}},"10":{"start":{"line":131,"column":26},"end":{"line":131,"column":90}},"11":{"start":{"line":132,"column":21},"end":{"line":132,"column":54}},"12":{"start":{"line":134,"column":17},"end":{"line":134,"column":94}},"13":{"start":{"line":136,"column":24},"end":{"line":143,"column":6}},"14":{"start":{"line":146,"column":24},"end":{"line":151,"column":5}},"15":{"start":{"line":152,"column":4},"end":{"line":152,"column":43}},"16":{"start":{"line":156,"column":0},"end":{"line":159,"column":1}}},"fnMap":{"0":{"name":"(anonymous_0)","decl":{"start":{"line":8,"column":18},"end":{"line":8,"column":19}},"loc":{"start":{"line":8,"column":47},"end":{"line":127,"column":1}},"line":8},"1":{"name":"(anonymous_1)","decl":{"start":{"line":129,"column":30},"end":{"line":129,"column":31}},"loc":{"start":{"line":129,"column":66},"end":{"line":153,"column":1}},"line":129}},"branchMap":{},"s":{"0":1,"1":1,"2":1,"3":1,"4":1,"5":1,"6":0,"7":0,"8":0,"9":1,"10":0,"11":0,"12":0,"13":0,"14":0,"15":0,"16":1},"f":{"0":0,"1":0},"b":{},"_coverageSchema":"1a1c01bbd47fc00a2c39e90264f33305004495a9","hash":"85d0a4f325844b4aa7624031160bd35379c55ca8"}
,"D:\\stock-tracker-api\\src\\utils\\token.js": {"path":"D:\\stock-tracker-api\\src\\utils\\token.js","statementMap":{"0":{"start":{"line":1,"column":12},"end":{"line":1,"column":35}},"1":{"start":{"line":3,"column":28},"end":{"line":6,"column":1}},"2":{"start":{"line":4,"column":24},"end":{"line":4,"column":102}},"3":{"start":{"line":5,"column":4},"end":{"line":5,"column":22}},"4":{"start":{"line":9,"column":0},"end":{"line":11,"column":1}}},"fnMap":{"0":{"name":"(anonymous_0)","decl":{"start":{"line":3,"column":28},"end":{"line":3,"column":29}},"loc":{"start":{"line":3,"column":44},"end":{"line":6,"column":1}},"line":3}},"branchMap":{},"s":{"0":1,"1":1,"2":0,"3":0,"4":1},"f":{"0":0},"b":{},"_coverageSchema":"1a1c01bbd47fc00a2c39e90264f33305004495a9","hash":"3b0ec887821bc562461f4506994bc0f7d6e3a3b9"}
}
